<?xml version="1.0" encoding="UTF-8"?>
<testsuite name="Academy Choucair" tests="1" skipped="1" failures="0" errors="0" timestamp="2022-01-10T06:57:31" hostname="DESKTOP-0GCC271" time="0.176">
  <properties/>
  <testcase name="Search for a financial analysis course" classname="Academy Choucair" time="0.176">
    <skipped/>
  </testcase>
  <system-out><![CDATA[]]></system-out>
  <system-err><![CDATA[[Test worker] WARN net.thucydides.core.steps.BaseStepListener - stepStarted: net.thucydides.core.steps.ExecutedStepDescription@7ce98c65
[Test worker] INFO net.thucydides.core.steps.ConsoleLoggingListener - TEST PENDING
[Test worker] WARN net.thucydides.core.steps.BaseStepListener - stepStarted: net.thucydides.core.steps.ExecutedStepDescription@75b41bde
[Test worker] WARN net.thucydides.core.steps.BaseStepListener - stepStarted: net.thucydides.core.steps.ExecutedStepDescription@374eb6c9
[Test worker] WARN net.thucydides.core.steps.BaseStepListener - testFinished: Search for a financial analysis course:Given than Andres wants to learn financial analysis, When he search for the course financial analysis on the choucair academy platform, Then ge find the course called technical guide - financial analysis
[Test worker] WARN net.thucydides.core.steps.BaseStepListener - TestOutcomes: [Search for a financial analysis course:Given than Andres wants to learn financial analysis, When he search for the course financial analysis on the choucair academy platform, Then ge find the course called technical guide - financial analysis]
[Test worker] WARN net.thucydides.core.steps.BaseStepListener - Final testOutcomes: [Search for a financial analysis course:Given than Andres wants to learn financial analysis, When he search for the course financial analysis on the choucair academy platform, Then ge find the course called technical guide - financial analysis]
[Test worker] INFO net.thucydides.core.steps.ConsoleLoggingListener - 
          __  _____ _____ ____ _____   ____  _____ _   _ ____ ___ _   _  ____ 
 _       / / |_   _| ____/ ___|_   _| |  _ \| ____| \ | |  _ \_ _| \ | |/ ___|
(_)____ / /    | | |  _| \___ \ | |   | |_) |  _| |  \| | | | | ||  \| | |  _ 
 |_____/ /     | | | |___ ___) || |   |  __/| |___| |\  | |_| | || |\  | |_| |
(_)   /_/      |_| |_____|____/ |_|   |_|   |_____|_| \_|____/___|_| \_|\____|
                                                                                

TEST PENDING: Search for a financial analysis course
---------------------------------------------------------------------------------
]]></system-err>
</testsuite>
